Using pre-set license
Built from '2021.3/staging' branch; Version is '2021.3.5f1 (40eb3a945986) revision 4254522'; Using compiler version '192829333'; Build Type 'Release'
OS: 'Windows 10  (10.0.19045) 64bit Core' Language: 'en' Physical Memory: 14188 MB
BatchMode: 1, IsHumanControllingUs: 0, StartBugReporterOnCrash: 0, Is64bit: 1, IsPro: 1

COMMAND LINE ARGUMENTS:
C:\Program Files\Unity\Hub\Editor\2021.3.5f1\Editor\Unity.exe
-adb2
-batchMode
-noUpm
-name
AssetImportWorker0
-projectPath
C:/Users/panda/Desktop/FoundationMathGame/FoundationMathGame
-logFile
Logs/AssetImportWorker0.log
-srvPort
52564
Successfully changed project path to: C:/Users/panda/Desktop/FoundationMathGame/FoundationMathGame
C:/Users/panda/Desktop/FoundationMathGame/FoundationMathGame
[UnityMemory] Configuration Parameters - Can be set up in boot.config
    "memorysetup-bucket-allocator-granularity=16"
    "memorysetup-bucket-allocator-bucket-count=8"
    "memorysetup-bucket-allocator-block-size=33554432"
    "memorysetup-bucket-allocator-block-count=8"
    "memorysetup-main-allocator-block-size=16777216"
    "memorysetup-thread-allocator-block-size=16777216"
    "memorysetup-gfx-main-allocator-block-size=16777216"
    "memorysetup-gfx-thread-allocator-block-size=16777216"
    "memorysetup-cache-allocator-block-size=4194304"
    "memorysetup-typetree-allocator-block-size=2097152"
    "memorysetup-profiler-bucket-allocator-granularity=16"
    "memorysetup-profiler-bucket-allocator-bucket-count=8"
    "memorysetup-profiler-bucket-allocator-block-size=33554432"
    "memorysetup-profiler-bucket-allocator-block-count=8"
    "memorysetup-profiler-allocator-block-size=16777216"
    "memorysetup-profiler-editor-allocator-block-size=1048576"
    "memorysetup-temp-allocator-size-main=16777216"
    "memorysetup-job-temp-allocator-block-size=2097152"
    "memorysetup-job-temp-allocator-block-size-background=1048576"
    "memorysetup-job-temp-allocator-reduction-small-platforms=262144"
    "memorysetup-temp-allocator-size-background-worker=32768"
    "memorysetup-temp-allocator-size-job-worker=262144"
    "memorysetup-temp-allocator-size-preload-manager=33554432"
    "memorysetup-temp-allocator-size-nav-mesh-worker=65536"
    "memorysetup-temp-allocator-size-audio-worker=65536"
    "memorysetup-temp-allocator-size-cloud-worker=32768"
    "memorysetup-temp-allocator-size-gi-baking-worker=262144"
    "memorysetup-temp-allocator-size-gfx=262144"
Refreshing native plugins compatible for Editor in 155.56 ms, found 3 plugins.
Preloading 0 native plugins for Editor in 0.00 ms.
Initialize engine version: 2021.3.5f1 (40eb3a945986)
[Subsystems] Discovering subsystems at path C:/Program Files/Unity/Hub/Editor/2021.3.5f1/Editor/Data/Resources/UnitySubsystems
[Subsystems] Discovering subsystems at path C:/Users/panda/Desktop/FoundationMathGame/FoundationMathGame/Assets
GfxDevice: creating device client; threaded=0; jobified=0
Direct3D:
    Version:  Direct3D 11.0 [level 11.1]
    Renderer: NVIDIA GeForce RTX 3060 Laptop GPU (ID=0x2560)
    Vendor:   NVIDIA
    VRAM:     6023 MB
    Driver:   30.0.15.1236
Initialize mono
Mono path[0] = 'C:/Program Files/Unity/Hub/Editor/2021.3.5f1/Editor/Data/Managed'
Mono path[1] = 'C:/Program Files/Unity/Hub/Editor/2021.3.5f1/Editor/Data/MonoBleedingEdge/lib/mono/unityjit-win32'
Mono config path = 'C:/Program Files/Unity/Hub/Editor/2021.3.5f1/Editor/Data/MonoBleedingEdge/etc'
Using monoOptions --debugger-agent=transport=dt_socket,embedding=1,server=y,suspend=n,address=127.0.0.1:56628
Begin MonoManager ReloadAssembly
Registering precompiled unity dll's ...
Register platform support module: C:/Program Files/Unity/Hub/Editor/2021.3.5f1/Editor/Data/PlaybackEngines/WebGLSupport/UnityEditor.WebGL.Extensions.dll
Register platform support module: C:/Program Files/Unity/Hub/Editor/2021.3.5f1/Editor/Data/PlaybackEngines/AndroidPlayer/UnityEditor.Android.Extensions.dll
Register platform support module: C:/Program Files/Unity/Hub/Editor/2021.3.5f1/Editor/Data/PlaybackEngines/WindowsStandaloneSupport/UnityEditor.WindowsStandalone.Extensions.dll
Register platform support module: C:/Program Files/Unity/Hub/Editor/2021.3.5f1/Editor/Data/PlaybackEngines/MetroSupport/UnityEditor.UWP.Extensions.dll
Registered in 0.014039 seconds.
Native extension for UWP target not found
Native extension for WindowsStandalone target not found
Native extension for Android target not found
Native extension for WebGL target not found
Refreshing native plugins compatible for Editor in 127.22 ms, found 3 plugins.
Preloading 0 native plugins for Editor in 0.00 ms.
Mono: successfully reloaded assembly
- Completed reload, in  1.022 seconds
Domain Reload Profiling:
	ReloadAssembly (1022ms)
		BeginReloadAssembly (99ms)
			ExecutionOrderSort (0ms)
			DisableScriptedObjects (0ms)
			BackupInstance (0ms)
			ReleaseScriptingObjects (0ms)
			CreateAndSetChildDomain (1ms)
		EndReloadAssembly (761ms)
			LoadAssemblies (96ms)
			RebuildTransferFunctionScriptingTraits (0ms)
			SetupTypeCache (193ms)
			ReleaseScriptCaches (0ms)
			RebuildScriptCaches (44ms)
			SetupLoadedEditorAssemblies (432ms)
				LogAssemblyErrors (0ms)
				InitializePlatformSupportModulesInManaged (94ms)
				SetLoadedEditorAssemblies (0ms)
				RefreshPlugins (127ms)
				BeforeProcessingInitializeOnLoad (2ms)
				ProcessInitializeOnLoadAttributes (147ms)
				ProcessInitializeOnLoadMethodAttributes (62ms)
				AfterProcessingInitializeOnLoad (0ms)
				EditorAssembliesLoaded (0ms)
			ExecutionOrderSort2 (0ms)
			AwakeInstancesAfterBackupRestoration (0ms)
Platform modules already initialized, skipping
Registering precompiled user dll's ...
Registered in 0.014510 seconds.
Begin MonoManager ReloadAssembly
Symbol file LoadedFromMemory doesn't match image C:\Users\panda\Desktop\FoundationMathGame\FoundationMathGame\Library\PackageCache\com.unity.visualscripting@1.8.0\Editor\VisualScripting.Core\Dependencies\DotNetZip\Unity.VisualScripting.IonicZip.dll
Symbol file LoadedFromMemory doesn't match image C:\Users\panda\Desktop\FoundationMathGame\FoundationMathGame\Library\PackageCache\com.unity.visualscripting@1.8.0\Editor\VisualScripting.Core\Dependencies\YamlDotNet\Unity.VisualScripting.YamlDotNet.dll
Native extension for UWP target not found
Native extension for WindowsStandalone target not found
Native extension for Android target not found
Native extension for WebGL target not found
Refreshing native plugins compatible for Editor in 1.81 ms, found 3 plugins.
Preloading 0 native plugins for Editor in 0.00 ms.
Package Manager log level set to [2]
Mono: successfully reloaded assembly
- Completed reload, in  1.954 seconds
Domain Reload Profiling:
	ReloadAssembly (1955ms)
		BeginReloadAssembly (274ms)
			ExecutionOrderSort (0ms)
			DisableScriptedObjects (10ms)
			BackupInstance (0ms)
			ReleaseScriptingObjects (0ms)
			CreateAndSetChildDomain (133ms)
		EndReloadAssembly (1477ms)
			LoadAssemblies (138ms)
			RebuildTransferFunctionScriptingTraits (0ms)
			SetupTypeCache (386ms)
			ReleaseScriptCaches (1ms)
			RebuildScriptCaches (72ms)
			SetupLoadedEditorAssemblies (810ms)
				LogAssemblyErrors (0ms)
				InitializePlatformSupportModulesInManaged (35ms)
				SetLoadedEditorAssemblies (1ms)
				RefreshPlugins (2ms)
				BeforeProcessingInitializeOnLoad (189ms)
				ProcessInitializeOnLoadAttributes (379ms)
				ProcessInitializeOnLoadMethodAttributes (189ms)
				AfterProcessingInitializeOnLoad (14ms)
				EditorAssembliesLoaded (0ms)
			ExecutionOrderSort2 (0ms)
			AwakeInstancesAfterBackupRestoration (9ms)
Platform modules already initialized, skipping
========================================================================
Worker process is ready to serve import requests
Launched and connected shader compiler UnityShaderCompiler.exe after 0.06 seconds
Refreshing native plugins compatible for Editor in 1.78 ms, found 3 plugins.
Preloading 0 native plugins for Editor in 0.00 ms.
Unloading 3883 Unused Serialized files (Serialized files now loaded: 0)
Unloading 66 unused Assets / (112.4 KB). Loaded Objects now: 4313.
Memory consumption went from 131.6 MB to 131.5 MB.
Total: 10.255700 ms (FindLiveObjects: 0.341900 ms CreateObjectMapping: 0.308500 ms MarkObjects: 9.419300 ms  DeleteObjects: 0.184800 ms)

AssetImportParameters requested are different than current active one (requested -> active):
  custom:video-decoder-ogg-theora: a1e56fd34408186e4bbccfd4996cb3dc -> 
  custom:container-muxer-webm: aa71ff27fc2769a1b78a27578f13a17b -> 
  custom:container-demuxer-webm: 4f35f7cbe854078d1ac9338744f61a02 -> 
  custom:video-encoder-webm-vp8: eb34c28f22e8b96e1ab97ce403110664 -> 
  custom:video-codec-MediaFoundation-h265: 746d11721c4dcdbdad8f713fa42b33f4 -> 
  custom:audio-encoder-webm-vorbis: bf7c407c2cedff20999df2af8eb42d56 -> 
  custom:framework-win-MediaFoundation: 216162199b28c13a410421893ffa2e32 -> 
  custom:container-demuxer-ogg: 62fdf1f143b41e24485cea50d1cbac27 -> 
  custom:video-decoder-webm-vp8: 9c59270c3fd7afecdb556c50c9e8de78 -> 
  custom:audio-decoder-ogg-vorbis: bf7c407c2cedff20999df2af8eb42d56 -> 
========================================================================
Received Import Request.
  Time since last request: 11032.627410 seconds.
  path: Assets/Scenes
  artifactKey: Guid(6ea315d0fd7389c41b19996891e99ae3) Importer(815301076,1909f56bfc062723c751e8b465ee728b)
Start importing Assets/Scenes using Guid(6ea315d0fd7389c41b19996891e99ae3) Importer(815301076,1909f56bfc062723c751e8b465ee728b)  -> (artifact id: 'b8193726cff86800c54781cdc6d54904') in 0.016930 seconds 
========================================================================
Received Import Request.
  Time since last request: 0.000038 seconds.
  path: Assets/Resources
  artifactKey: Guid(e66659fd8b3792b4099e51d0d5576bde) Importer(815301076,1909f56bfc062723c751e8b465ee728b)
Start importing Assets/Resources using Guid(e66659fd8b3792b4099e51d0d5576bde) Importer(815301076,1909f56bfc062723c751e8b465ee728b)  -> (artifact id: 'fe03b6ecab014284ad91b4e3c1b9b996') in 0.010246 seconds 
========================================================================
Received Import Request.
  Time since last request: 252.639002 seconds.
  path: Assets
  artifactKey: Guid(00000000000000001000000000000000) Importer(815301076,1909f56bfc062723c751e8b465ee728b)
Start importing Assets using Guid(00000000000000001000000000000000) Importer(815301076,1909f56bfc062723c751e8b465ee728b)  -> (artifact id: '79842766b460edbeab6a34051e857a80') in 0.019930 seconds 
========================================================================
Received Import Request.
  Time since last request: 3.817209 seconds.
  path: Assets/Materials
  artifactKey: Guid(897cb3492511ae94ebd3fd937c17a955) Importer(815301076,1909f56bfc062723c751e8b465ee728b)
Start importing Assets/Materials using Guid(897cb3492511ae94ebd3fd937c17a955) Importer(815301076,1909f56bfc062723c751e8b465ee728b)  -> (artifact id: '82fcd5b8bde2a6ced30ff1c8d1b18568') in 0.014926 seconds 
========================================================================
Received Import Request.
  Time since last request: 6.806498 seconds.
  path: Assets/Prefabs
  artifactKey: Guid(4ab5ad4bc9ab7024baee460fbb21e13e) Importer(815301076,1909f56bfc062723c751e8b465ee728b)
Start importing Assets/Prefabs using Guid(4ab5ad4bc9ab7024baee460fbb21e13e) Importer(815301076,1909f56bfc062723c751e8b465ee728b)  -> (artifact id: 'd7b3af0bebaed4ce4726cad6570f05dc') in 0.014295 seconds 
========================================================================
Received Import Request.
  Time since last request: 6.711144 seconds.
  path: Assets/Pictures
  artifactKey: Guid(e0d657fb2075239409a632b91426e50a) Importer(815301076,1909f56bfc062723c751e8b465ee728b)
Start importing Assets/Pictures using Guid(e0d657fb2075239409a632b91426e50a) Importer(815301076,1909f56bfc062723c751e8b465ee728b)  -> (artifact id: '9b4cfae7a880395ef7470b6bbf653a52') in 0.016311 seconds 
========================================================================
Received Import Request.
  Time since last request: 193.366868 seconds.
  path: Assets/Scenes/MMU_Evil.unity
  artifactKey: Guid(04e76dfba7566084b82c0ae3173408aa) Importer(815301076,1909f56bfc062723c751e8b465ee728b)
Start importing Assets/Scenes/MMU_Evil.unity using Guid(04e76dfba7566084b82c0ae3173408aa) Importer(815301076,1909f56bfc062723c751e8b465ee728b)  -> (artifact id: 'ff97b80d67c875d1b3770f36215bcfcc') in 0.014166 seconds 
========================================================================
Received Import Request.
  Time since last request: 80.712282 seconds.
  path: Assets/Materials/FloorBaseline.mat
  artifactKey: Guid(8126b8eed900b274fad52e5e5d1daf94) Importer(815301076,1909f56bfc062723c751e8b465ee728b)
Start importing Assets/Materials/FloorBaseline.mat using Guid(8126b8eed900b274fad52e5e5d1daf94) Importer(815301076,1909f56bfc062723c751e8b465ee728b)  -> (artifact id: '8f60e58f60afc2df2e58323cbc2ffbd5') in 0.452081 seconds 
========================================================================
Received Import Request.
  Time since last request: 14.429932 seconds.
  path: Assets/Materials/FloorBaseline.mat
  artifactKey: Guid(8126b8eed900b274fad52e5e5d1daf94) Importer(815301076,1909f56bfc062723c751e8b465ee728b)
Start importing Assets/Materials/FloorBaseline.mat using Guid(8126b8eed900b274fad52e5e5d1daf94) Importer(815301076,1909f56bfc062723c751e8b465ee728b)  -> (artifact id: '73dc1327857694f16c1c6b46b32f8d60') in 0.028018 seconds 
========================================================================
Received Import Request.
  Time since last request: 77.577600 seconds.
  path: Assets/Pictures/ClassroomMaths1.jpg
  artifactKey: Guid(a15b0d55ba61ab347a2fd7dd441de978) Importer(815301076,1909f56bfc062723c751e8b465ee728b)
Start importing Assets/Pictures/ClassroomMaths1.jpg using Guid(a15b0d55ba61ab347a2fd7dd441de978) Importer(815301076,1909f56bfc062723c751e8b465ee728b)  -> (artifact id: '9e70271051317df6a0f5a892c811850b') in 0.091219 seconds 
========================================================================
Received Import Request.
  Time since last request: 0.000071 seconds.
  path: Assets/Pictures/HalllwayMaths.jpg
  artifactKey: Guid(7cf782d7b3ce38b4392fd97f6c4dec39) Importer(815301076,1909f56bfc062723c751e8b465ee728b)
Start importing Assets/Pictures/HalllwayMaths.jpg using Guid(7cf782d7b3ce38b4392fd97f6c4dec39) Importer(815301076,1909f56bfc062723c751e8b465ee728b)  -> (artifact id: '40f629b3435375f4bec636124ed90fd5') in 0.020866 seconds 
========================================================================
Received Import Request.
  Time since last request: 0.000037 seconds.
  path: Assets/Pictures/ClassroomMaths3.jpg
  artifactKey: Guid(2e5d3cebf4d959b41b3d6bf48ac0dcd4) Importer(815301076,1909f56bfc062723c751e8b465ee728b)
Start importing Assets/Pictures/ClassroomMaths3.jpg using Guid(2e5d3cebf4d959b41b3d6bf48ac0dcd4) Importer(815301076,1909f56bfc062723c751e8b465ee728b)  -> (artifact id: 'a48c35006bcc41dc4345ea84b7aae654') in 0.019121 seconds 
========================================================================
Received Import Request.
  Time since last request: 53.859763 seconds.
  path: Assets/Pictures/Materials
  artifactKey: Guid(05c4f076dda1c22488c01337253f9a79) Importer(815301076,1909f56bfc062723c751e8b465ee728b)
Start importing Assets/Pictures/Materials using Guid(05c4f076dda1c22488c01337253f9a79) Importer(815301076,1909f56bfc062723c751e8b465ee728b)  -> (artifact id: '61773be2883f73b7c8d9d5e13b49351a') in 0.016317 seconds 
========================================================================
Received Import Request.
  Time since last request: 577.303180 seconds.
  path: Assets/Pictures/door sign.jpg
  artifactKey: Guid(0d6fd924637bef44ca0088fdb97cc021) Importer(815301076,1909f56bfc062723c751e8b465ee728b)
Start importing Assets/Pictures/door sign.jpg using Guid(0d6fd924637bef44ca0088fdb97cc021) Importer(815301076,1909f56bfc062723c751e8b465ee728b)  -> (artifact id: '9553d9381037c5dd5746f43e1509b6b6') in 0.043516 seconds 
========================================================================
Received Import Request.
  Time since last request: 0.000046 seconds.
  path: Assets/Pictures/pillar and floor.jpg
  artifactKey: Guid(4a33a7bd6a7b65a41acd56b63709b705) Importer(815301076,1909f56bfc062723c751e8b465ee728b)
Start importing Assets/Pictures/pillar and floor.jpg using Guid(4a33a7bd6a7b65a41acd56b63709b705) Importer(815301076,1909f56bfc062723c751e8b465ee728b)  -> (artifact id: '6433051b293cc75b1559170c57f865e2') in 0.028756 seconds 
========================================================================
Received Import Request.
  Time since last request: 0.000037 seconds.
  path: Assets/Pictures/stair.jpg
  artifactKey: Guid(57bdae7dbfc64bb41b9060dc1bf7fb50) Importer(815301076,1909f56bfc062723c751e8b465ee728b)
Start importing Assets/Pictures/stair.jpg using Guid(57bdae7dbfc64bb41b9060dc1bf7fb50) Importer(815301076,1909f56bfc062723c751e8b465ee728b)  -> (artifact id: 'cff94119d7366544c96e9a2659410892') in 0.024213 seconds 
Editor requested this worker to shutdown with reason: Scaling down because of idle timeout
AssetImportWorker is now disconnected from the server
Process exiting
Exiting without the bug reporter. Application will terminate with return code 0