Using pre-set license
Built from '2021.3/staging' branch; Version is '2021.3.5f1 (40eb3a945986) revision 4254522'; Using compiler version '192829333'; Build Type 'Release'
OS: 'Windows 10  (10.0.19045) 64bit Core' Language: 'en' Physical Memory: 14188 MB
BatchMode: 1, IsHumanControllingUs: 0, StartBugReporterOnCrash: 0, Is64bit: 1, IsPro: 1

COMMAND LINE ARGUMENTS:
C:\Program Files\Unity\Hub\Editor\2021.3.5f1\Editor\Unity.exe
-adb2
-batchMode
-noUpm
-name
AssetImportWorker2
-projectPath
C:/Users/panda/Desktop/FoundationMathGame/FoundationMathGame
-logFile
Logs/AssetImportWorker2.log
-srvPort
52564
Successfully changed project path to: C:/Users/panda/Desktop/FoundationMathGame/FoundationMathGame
C:/Users/panda/Desktop/FoundationMathGame/FoundationMathGame
[UnityMemory] Configuration Parameters - Can be set up in boot.config
    "memorysetup-bucket-allocator-granularity=16"
    "memorysetup-bucket-allocator-bucket-count=8"
    "memorysetup-bucket-allocator-block-size=33554432"
    "memorysetup-bucket-allocator-block-count=8"
    "memorysetup-main-allocator-block-size=16777216"
    "memorysetup-thread-allocator-block-size=16777216"
    "memorysetup-gfx-main-allocator-block-size=16777216"
    "memorysetup-gfx-thread-allocator-block-size=16777216"
    "memorysetup-cache-allocator-block-size=4194304"
    "memorysetup-typetree-allocator-block-size=2097152"
    "memorysetup-profiler-bucket-allocator-granularity=16"
    "memorysetup-profiler-bucket-allocator-bucket-count=8"
    "memorysetup-profiler-bucket-allocator-block-size=33554432"
    "memorysetup-profiler-bucket-allocator-block-count=8"
    "memorysetup-profiler-allocator-block-size=16777216"
    "memorysetup-profiler-editor-allocator-block-size=1048576"
    "memorysetup-temp-allocator-size-main=16777216"
    "memorysetup-job-temp-allocator-block-size=2097152"
    "memorysetup-job-temp-allocator-block-size-background=1048576"
    "memorysetup-job-temp-allocator-reduction-small-platforms=262144"
    "memorysetup-temp-allocator-size-background-worker=32768"
    "memorysetup-temp-allocator-size-job-worker=262144"
    "memorysetup-temp-allocator-size-preload-manager=33554432"
    "memorysetup-temp-allocator-size-nav-mesh-worker=65536"
    "memorysetup-temp-allocator-size-audio-worker=65536"
    "memorysetup-temp-allocator-size-cloud-worker=32768"
    "memorysetup-temp-allocator-size-gi-baking-worker=262144"
    "memorysetup-temp-allocator-size-gfx=262144"
Refreshing native plugins compatible for Editor in 173.25 ms, found 3 plugins.
Preloading 0 native plugins for Editor in 0.00 ms.
Initialize engine version: 2021.3.5f1 (40eb3a945986)
[Subsystems] Discovering subsystems at path C:/Program Files/Unity/Hub/Editor/2021.3.5f1/Editor/Data/Resources/UnitySubsystems
[Subsystems] Discovering subsystems at path C:/Users/panda/Desktop/FoundationMathGame/FoundationMathGame/Assets
GfxDevice: creating device client; threaded=0; jobified=0
Direct3D:
    Version:  Direct3D 11.0 [level 11.1]
    Renderer: NVIDIA GeForce RTX 3060 Laptop GPU (ID=0x2560)
    Vendor:   NVIDIA
    VRAM:     6023 MB
    Driver:   30.0.15.1236
Initialize mono
Mono path[0] = 'C:/Program Files/Unity/Hub/Editor/2021.3.5f1/Editor/Data/Managed'
Mono path[1] = 'C:/Program Files/Unity/Hub/Editor/2021.3.5f1/Editor/Data/MonoBleedingEdge/lib/mono/unityjit-win32'
Mono config path = 'C:/Program Files/Unity/Hub/Editor/2021.3.5f1/Editor/Data/MonoBleedingEdge/etc'
Using monoOptions --debugger-agent=transport=dt_socket,embedding=1,server=y,suspend=n,address=127.0.0.1:56396
Begin MonoManager ReloadAssembly
Registering precompiled unity dll's ...
Register platform support module: C:/Program Files/Unity/Hub/Editor/2021.3.5f1/Editor/Data/PlaybackEngines/WebGLSupport/UnityEditor.WebGL.Extensions.dll
Register platform support module: C:/Program Files/Unity/Hub/Editor/2021.3.5f1/Editor/Data/PlaybackEngines/AndroidPlayer/UnityEditor.Android.Extensions.dll
Register platform support module: C:/Program Files/Unity/Hub/Editor/2021.3.5f1/Editor/Data/PlaybackEngines/WindowsStandaloneSupport/UnityEditor.WindowsStandalone.Extensions.dll
Register platform support module: C:/Program Files/Unity/Hub/Editor/2021.3.5f1/Editor/Data/PlaybackEngines/MetroSupport/UnityEditor.UWP.Extensions.dll
Registered in 0.014529 seconds.
Native extension for UWP target not found
Native extension for WindowsStandalone target not found
Native extension for Android target not found
Native extension for WebGL target not found
Refreshing native plugins compatible for Editor in 154.85 ms, found 3 plugins.
Preloading 0 native plugins for Editor in 0.00 ms.
Mono: successfully reloaded assembly
- Completed reload, in  0.912 seconds
Domain Reload Profiling:
	ReloadAssembly (912ms)
		BeginReloadAssembly (95ms)
			ExecutionOrderSort (0ms)
			DisableScriptedObjects (0ms)
			BackupInstance (0ms)
			ReleaseScriptingObjects (0ms)
			CreateAndSetChildDomain (1ms)
		EndReloadAssembly (665ms)
			LoadAssemblies (94ms)
			RebuildTransferFunctionScriptingTraits (0ms)
			SetupTypeCache (124ms)
			ReleaseScriptCaches (0ms)
			RebuildScriptCaches (35ms)
			SetupLoadedEditorAssemblies (425ms)
				LogAssemblyErrors (0ms)
				InitializePlatformSupportModulesInManaged (82ms)
				SetLoadedEditorAssemblies (0ms)
				RefreshPlugins (155ms)
				BeforeProcessingInitializeOnLoad (2ms)
				ProcessInitializeOnLoadAttributes (129ms)
				ProcessInitializeOnLoadMethodAttributes (57ms)
				AfterProcessingInitializeOnLoad (0ms)
				EditorAssembliesLoaded (0ms)
			ExecutionOrderSort2 (0ms)
			AwakeInstancesAfterBackupRestoration (0ms)
Platform modules already initialized, skipping
Registering precompiled user dll's ...
Registered in 0.011345 seconds.
Begin MonoManager ReloadAssembly
Symbol file LoadedFromMemory doesn't match image C:\Users\panda\Desktop\FoundationMathGame\FoundationMathGame\Library\PackageCache\com.unity.visualscripting@1.8.0\Editor\VisualScripting.Core\Dependencies\DotNetZip\Unity.VisualScripting.IonicZip.dll
Symbol file LoadedFromMemory doesn't match image C:\Users\panda\Desktop\FoundationMathGame\FoundationMathGame\Library\PackageCache\com.unity.visualscripting@1.8.0\Editor\VisualScripting.Core\Dependencies\YamlDotNet\Unity.VisualScripting.YamlDotNet.dll
Native extension for UWP target not found
Native extension for WindowsStandalone target not found
Native extension for Android target not found
Native extension for WebGL target not found
Refreshing native plugins compatible for Editor in 1.48 ms, found 3 plugins.
Preloading 0 native plugins for Editor in 0.00 ms.
Package Manager log level set to [2]
Mono: successfully reloaded assembly
- Completed reload, in  1.695 seconds
Domain Reload Profiling:
	ReloadAssembly (1696ms)
		BeginReloadAssembly (257ms)
			ExecutionOrderSort (0ms)
			DisableScriptedObjects (8ms)
			BackupInstance (0ms)
			ReleaseScriptingObjects (0ms)
			CreateAndSetChildDomain (139ms)
		EndReloadAssembly (1280ms)
			LoadAssemblies (122ms)
			RebuildTransferFunctionScriptingTraits (0ms)
			SetupTypeCache (318ms)
			ReleaseScriptCaches (1ms)
			RebuildScriptCaches (64ms)
			SetupLoadedEditorAssemblies (716ms)
				LogAssemblyErrors (0ms)
				InitializePlatformSupportModulesInManaged (26ms)
				SetLoadedEditorAssemblies (1ms)
				RefreshPlugins (2ms)
				BeforeProcessingInitializeOnLoad (154ms)
				ProcessInitializeOnLoadAttributes (323ms)
				ProcessInitializeOnLoadMethodAttributes (197ms)
				AfterProcessingInitializeOnLoad (13ms)
				EditorAssembliesLoaded (0ms)
			ExecutionOrderSort2 (0ms)
			AwakeInstancesAfterBackupRestoration (9ms)
Platform modules already initialized, skipping
========================================================================
Worker process is ready to serve import requests
Launched and connected shader compiler UnityShaderCompiler.exe after 0.06 seconds
Refreshing native plugins compatible for Editor in 1.11 ms, found 3 plugins.
Preloading 0 native plugins for Editor in 0.00 ms.
Unloading 3883 Unused Serialized files (Serialized files now loaded: 0)
Unloading 66 unused Assets / (112.1 KB). Loaded Objects now: 4313.
Memory consumption went from 131.6 MB to 131.5 MB.
Total: 9.025500 ms (FindLiveObjects: 0.340000 ms CreateObjectMapping: 0.176100 ms MarkObjects: 8.362000 ms  DeleteObjects: 0.146200 ms)

AssetImportParameters requested are different than current active one (requested -> active):
  custom:video-decoder-ogg-theora: a1e56fd34408186e4bbccfd4996cb3dc -> 
  custom:container-muxer-webm: aa71ff27fc2769a1b78a27578f13a17b -> 
  custom:container-demuxer-webm: 4f35f7cbe854078d1ac9338744f61a02 -> 
  custom:video-encoder-webm-vp8: eb34c28f22e8b96e1ab97ce403110664 -> 
  custom:video-codec-MediaFoundation-h265: 746d11721c4dcdbdad8f713fa42b33f4 -> 
  custom:audio-encoder-webm-vorbis: bf7c407c2cedff20999df2af8eb42d56 -> 
  custom:framework-win-MediaFoundation: 216162199b28c13a410421893ffa2e32 -> 
  custom:container-demuxer-ogg: 62fdf1f143b41e24485cea50d1cbac27 -> 
  custom:video-decoder-webm-vp8: 9c59270c3fd7afecdb556c50c9e8de78 -> 
  custom:audio-decoder-ogg-vorbis: bf7c407c2cedff20999df2af8eb42d56 -> 
========================================================================
Received Import Request.
  Time since last request: 11704.965266 seconds.
  path: Assets/Pictures/HalllwayMaths.jpg
  artifactKey: Guid(7cf782d7b3ce38b4392fd97f6c4dec39) Importer(815301076,1909f56bfc062723c751e8b465ee728b)
Start importing Assets/Pictures/HalllwayMaths.jpg using Guid(7cf782d7b3ce38b4392fd97f6c4dec39) Importer(815301076,1909f56bfc062723c751e8b465ee728b)  -> (artifact id: '41ea729055fb55fda55c1abae4eeb17b') in 0.315627 seconds 
========================================================================
Received Import Request.
  Time since last request: 3.370483 seconds.
  path: Assets/Pictures/ClassroomMaths4.jpg
  artifactKey: Guid(0109377555990ff41b7b306b2afbdc07) Importer(815301076,1909f56bfc062723c751e8b465ee728b)
Start importing Assets/Pictures/ClassroomMaths4.jpg using Guid(0109377555990ff41b7b306b2afbdc07) Importer(815301076,1909f56bfc062723c751e8b465ee728b)  -> (artifact id: 'cac75c57c896b67b84b58b3ee2ca9399') in 0.170226 seconds 
========================================================================
Received Import Request.
  Time since last request: 3.515742 seconds.
  path: Assets/Pictures/ClassroomMaths3.jpg
  artifactKey: Guid(2e5d3cebf4d959b41b3d6bf48ac0dcd4) Importer(815301076,1909f56bfc062723c751e8b465ee728b)
Start importing Assets/Pictures/ClassroomMaths3.jpg using Guid(2e5d3cebf4d959b41b3d6bf48ac0dcd4) Importer(815301076,1909f56bfc062723c751e8b465ee728b)  -> (artifact id: '3ba66528b432f2eabd98e67cbc152d50') in 0.169919 seconds 
========================================================================
Received Import Request.
  Time since last request: 6.165291 seconds.
  path: Assets/Pictures/ClassroomMaths2.jpg
  artifactKey: Guid(9103e913980ac4b49a7678f7349cfc14) Importer(815301076,1909f56bfc062723c751e8b465ee728b)
Start importing Assets/Pictures/ClassroomMaths2.jpg using Guid(9103e913980ac4b49a7678f7349cfc14) Importer(815301076,1909f56bfc062723c751e8b465ee728b)  -> (artifact id: 'c8b981a5791c97150f86a644104ef81e') in 0.212195 seconds 
========================================================================
Received Import Request.
  Time since last request: 3.248531 seconds.
  path: Assets/Pictures/ClassroomMaths1.jpg
  artifactKey: Guid(a15b0d55ba61ab347a2fd7dd441de978) Importer(815301076,1909f56bfc062723c751e8b465ee728b)
Start importing Assets/Pictures/ClassroomMaths1.jpg using Guid(a15b0d55ba61ab347a2fd7dd441de978) Importer(815301076,1909f56bfc062723c751e8b465ee728b)  -> (artifact id: '3559a65535bcde6f903f736d2601e0b7') in 0.142206 seconds 
========================================================================
Received Import Request.
  Time since last request: 1.055650 seconds.
  path: Assets/Pictures/Materials/HalllwayMaths.mat
  artifactKey: Guid(13254536e5958e5449eab2c7d5305f40) Importer(815301076,1909f56bfc062723c751e8b465ee728b)
Start importing Assets/Pictures/Materials/HalllwayMaths.mat using Guid(13254536e5958e5449eab2c7d5305f40) Importer(815301076,1909f56bfc062723c751e8b465ee728b)  -> (artifact id: '376a310a3d24833522591c390dcf636e') in 0.089698 seconds 
========================================================================
Received Import Request.
  Time since last request: 577.242220 seconds.
  path: Assets/Pictures/bench.jpg
  artifactKey: Guid(dce6558474ead8c479d350156d3bb386) Importer(815301076,1909f56bfc062723c751e8b465ee728b)
Start importing Assets/Pictures/bench.jpg using Guid(dce6558474ead8c479d350156d3bb386) Importer(815301076,1909f56bfc062723c751e8b465ee728b)  -> (artifact id: '6c7d2599c6f71fff343b39a622cd52ec') in 0.044306 seconds 
========================================================================
Received Import Request.
  Time since last request: 0.000055 seconds.
  path: Assets/Pictures/walls area.jpg
  artifactKey: Guid(23321c8f9c1edfb4ca95111c619b54ea) Importer(815301076,1909f56bfc062723c751e8b465ee728b)
Start importing Assets/Pictures/walls area.jpg using Guid(23321c8f9c1edfb4ca95111c619b54ea) Importer(815301076,1909f56bfc062723c751e8b465ee728b)  -> (artifact id: '2e9160c8c222f32cb817d1348be970dc') in 0.028648 seconds 
========================================================================
Received Import Request.
  Time since last request: 0.000078 seconds.
  path: Assets/Pictures/door.jpg
  artifactKey: Guid(a332c7af715fae742bbb55cda65b1819) Importer(815301076,1909f56bfc062723c751e8b465ee728b)
Start importing Assets/Pictures/door.jpg using Guid(a332c7af715fae742bbb55cda65b1819) Importer(815301076,1909f56bfc062723c751e8b465ee728b)  -> (artifact id: 'aca9a073ce774d11d707d6e986a718b5') in 0.025758 seconds 
========================================================================
Received Import Request.
  Time since last request: 109.401827 seconds.
  path: Assets/Pictures/bench.jpg
  artifactKey: Guid(dce6558474ead8c479d350156d3bb386) Importer(815301076,1909f56bfc062723c751e8b465ee728b)
Start importing Assets/Pictures/bench.jpg using Guid(dce6558474ead8c479d350156d3bb386) Importer(815301076,1909f56bfc062723c751e8b465ee728b)  -> (artifact id: '5b6be93e9421b80f9ebf94a8a1428fea') in 0.145063 seconds 
========================================================================
Received Import Request.
  Time since last request: 4.238504 seconds.
  path: Assets/Pictures/door sign.jpg
  artifactKey: Guid(0d6fd924637bef44ca0088fdb97cc021) Importer(815301076,1909f56bfc062723c751e8b465ee728b)
Start importing Assets/Pictures/door sign.jpg using Guid(0d6fd924637bef44ca0088fdb97cc021) Importer(815301076,1909f56bfc062723c751e8b465ee728b)  -> (artifact id: 'b28af308930acec25c85efb9252c9500') in 0.137976 seconds 
========================================================================
Received Import Request.
  Time since last request: 5.905887 seconds.
  path: Assets/Pictures/door.jpg
  artifactKey: Guid(a332c7af715fae742bbb55cda65b1819) Importer(815301076,1909f56bfc062723c751e8b465ee728b)
Start importing Assets/Pictures/door.jpg using Guid(a332c7af715fae742bbb55cda65b1819) Importer(815301076,1909f56bfc062723c751e8b465ee728b)  -> (artifact id: '2e4ae4786b09b0a614e7580793235386') in 0.134888 seconds 
========================================================================
Received Import Request.
  Time since last request: 4.439006 seconds.
  path: Assets/Pictures/pillar and floor.jpg
  artifactKey: Guid(4a33a7bd6a7b65a41acd56b63709b705) Importer(815301076,1909f56bfc062723c751e8b465ee728b)
Start importing Assets/Pictures/pillar and floor.jpg using Guid(4a33a7bd6a7b65a41acd56b63709b705) Importer(815301076,1909f56bfc062723c751e8b465ee728b)  -> (artifact id: 'a616761649ce92cf4612631fd3324f4a') in 0.142369 seconds 
========================================================================
Received Import Request.
  Time since last request: 4.238011 seconds.
  path: Assets/Pictures/stair.jpg
  artifactKey: Guid(57bdae7dbfc64bb41b9060dc1bf7fb50) Importer(815301076,1909f56bfc062723c751e8b465ee728b)
Start importing Assets/Pictures/stair.jpg using Guid(57bdae7dbfc64bb41b9060dc1bf7fb50) Importer(815301076,1909f56bfc062723c751e8b465ee728b)  -> (artifact id: 'e38817535ce6e08e919950f85067a2b0') in 0.108828 seconds 
========================================================================
Received Import Request.
  Time since last request: 4.083720 seconds.
  path: Assets/Pictures/walls area.jpg
  artifactKey: Guid(23321c8f9c1edfb4ca95111c619b54ea) Importer(815301076,1909f56bfc062723c751e8b465ee728b)
Start importing Assets/Pictures/walls area.jpg using Guid(23321c8f9c1edfb4ca95111c619b54ea) Importer(815301076,1909f56bfc062723c751e8b465ee728b)  -> (artifact id: '75f9a2509b7c33ec2f32ea2baecd0ad8') in 0.129749 seconds 
========================================================================
Received Import Request.
  Time since last request: 95.470527 seconds.
  path: Assets/Materials/FloorBaselineGeneric.mat
  artifactKey: Guid(4da6e164eca12c142a628bec80d3a87c) Importer(815301076,1909f56bfc062723c751e8b465ee728b)
Start importing Assets/Materials/FloorBaselineGeneric.mat using Guid(4da6e164eca12c142a628bec80d3a87c) Importer(815301076,1909f56bfc062723c751e8b465ee728b)  -> (artifact id: '64e59aeeeadc3ac91e47a2c2a1bc4eff') in 0.024798 seconds 
========================================================================
Received Import Request.
  Time since last request: 55.700587 seconds.
  path: Assets/Materials/FloorBaselineGeneric.mat
  artifactKey: Guid(4da6e164eca12c142a628bec80d3a87c) Importer(815301076,1909f56bfc062723c751e8b465ee728b)
Start importing Assets/Materials/FloorBaselineGeneric.mat using Guid(4da6e164eca12c142a628bec80d3a87c) Importer(815301076,1909f56bfc062723c751e8b465ee728b)  -> (artifact id: '1eb943c7e8c4f9627344210efa1ff02c') in 0.035042 seconds 
========================================================================
Received Import Request.
  Time since last request: 97.929703 seconds.
  path: Assets/Pictures/Before And After
  artifactKey: Guid(26cc8d983e2f60f40a709ac045b352be) Importer(815301076,1909f56bfc062723c751e8b465ee728b)
Start importing Assets/Pictures/Before And After using Guid(26cc8d983e2f60f40a709ac045b352be) Importer(815301076,1909f56bfc062723c751e8b465ee728b)  -> (artifact id: 'a24ce35feb92c668bd6902a766bb8bc9') in 0.015905 seconds 
========================================================================
Received Import Request.
  Time since last request: 12.859559 seconds.
  path: Assets/Scenes/SampleScene.unity
  artifactKey: Guid(9fc0d4010bbf28b4594072e72b8655ab) Importer(815301076,1909f56bfc062723c751e8b465ee728b)
Start importing Assets/Scenes/SampleScene.unity using Guid(9fc0d4010bbf28b4594072e72b8655ab) Importer(815301076,1909f56bfc062723c751e8b465ee728b)  -> (artifact id: 'e55ccaa32d8e5c1de03c07a5412c8c3c') in 0.013627 seconds 
========================================================================
Received Import Request.
  Time since last request: 28.753711 seconds.
  path: Assets/Scenes/MMU_Evil.unity
  artifactKey: Guid(04e76dfba7566084b82c0ae3173408aa) Importer(815301076,1909f56bfc062723c751e8b465ee728b)
Start importing Assets/Scenes/MMU_Evil.unity using Guid(04e76dfba7566084b82c0ae3173408aa) Importer(815301076,1909f56bfc062723c751e8b465ee728b)  -> (artifact id: '1d21f5489e619efaf6566aad7da58812') in 0.014405 seconds 
========================================================================
Received Import Request.
  Time since last request: 89.044811 seconds.
  path: Assets/Materials/PillarBlue.mat
  artifactKey: Guid(413a7b3ce79c2544dbc9c2fe8af49cb0) Importer(815301076,1909f56bfc062723c751e8b465ee728b)
Start importing Assets/Materials/PillarBlue.mat using Guid(413a7b3ce79c2544dbc9c2fe8af49cb0) Importer(815301076,1909f56bfc062723c751e8b465ee728b)  -> (artifact id: '566de176f171c6e00dc15a0647e03234') in 0.033091 seconds 
========================================================================
Received Import Request.
  Time since last request: 183.952630 seconds.
  path: Assets/Materials/PillarBlue.mat
  artifactKey: Guid(413a7b3ce79c2544dbc9c2fe8af49cb0) Importer(815301076,1909f56bfc062723c751e8b465ee728b)
Start importing Assets/Materials/PillarBlue.mat using Guid(413a7b3ce79c2544dbc9c2fe8af49cb0) Importer(815301076,1909f56bfc062723c751e8b465ee728b)  -> (artifact id: 'fa1a27d7def17fb2db9e30f745989686') in 0.241800 seconds 
========================================================================
Received Import Request.
  Time since last request: 126.639070 seconds.
  path: Assets/Materials/PillarWhite.mat
  artifactKey: Guid(dffb620d3b9a50b47b133af3cb26b343) Importer(815301076,1909f56bfc062723c751e8b465ee728b)
Start importing Assets/Materials/PillarWhite.mat using Guid(dffb620d3b9a50b47b133af3cb26b343) Importer(815301076,1909f56bfc062723c751e8b465ee728b)  -> (artifact id: 'a3196aafa3019eb36d3a7115d021eef9') in 0.027976 seconds 
========================================================================
Received Import Request.
  Time since last request: 197.999638 seconds.
  path: Assets/Pictures/Before And After/Screenshot 2023-03-21 153847.png
  artifactKey: Guid(9092ab5223e47a04da4f73b243529fb4) Importer(815301076,1909f56bfc062723c751e8b465ee728b)
Start importing Assets/Pictures/Before And After/Screenshot 2023-03-21 153847.png using Guid(9092ab5223e47a04da4f73b243529fb4) Importer(815301076,1909f56bfc062723c751e8b465ee728b)  -> (artifact id: 'd089c4c49f98abdb5ec2b194a866ed43') in 0.039788 seconds 
========================================================================
Received Import Request.
  Time since last request: 0.143417 seconds.
  path: Packages/com.unity.2d.sprite/package.json
  artifactKey: Guid(7dc5f1e5d04ac8549ac21802071e983b) Importer(815301076,1909f56bfc062723c751e8b465ee728b)
Start importing Packages/com.unity.2d.sprite/package.json using Guid(7dc5f1e5d04ac8549ac21802071e983b) Importer(815301076,1909f56bfc062723c751e8b465ee728b)  -> (artifact id: '5ab794777eb78032da916509d57055a4') in 0.059034 seconds 
========================================================================
Received Import Request.
  Time since last request: 0.000051 seconds.
  path: Packages/com.unity.ads/package.json
  artifactKey: Guid(dced8f6ea9f964e8e8e61574ea889d21) Importer(815301076,1909f56bfc062723c751e8b465ee728b)
Start importing Packages/com.unity.ads/package.json using Guid(dced8f6ea9f964e8e8e61574ea889d21) Importer(815301076,1909f56bfc062723c751e8b465ee728b)  -> (artifact id: '6379abab73f98c6c2f4e3308bfed0d41') in 0.003755 seconds 
========================================================================
Received Import Request.
  Time since last request: 0.035905 seconds.
  path: Packages/com.unity.analytics/package.json
  artifactKey: Guid(510d1d319d2754ea4a47c6dd8c421ea0) Importer(815301076,1909f56bfc062723c751e8b465ee728b)
Start importing Packages/com.unity.analytics/package.json using Guid(510d1d319d2754ea4a47c6dd8c421ea0) Importer(815301076,1909f56bfc062723c751e8b465ee728b)  -> (artifact id: 'baa78bcfea042d14a74326dd626df81f') in 0.004407 seconds 
========================================================================
Received Import Request.
  Time since last request: 0.004041 seconds.
  path: Packages/com.unity.testtools.codecoverage/package.json
  artifactKey: Guid(ba7d60725b0ec604698819352642be89) Importer(815301076,1909f56bfc062723c751e8b465ee728b)
Start importing Packages/com.unity.testtools.codecoverage/package.json using Guid(ba7d60725b0ec604698819352642be89) Importer(815301076,1909f56bfc062723c751e8b465ee728b)  -> (artifact id: 'bd2dd2fcfb070eff30dd06220f902a2a') in 0.003897 seconds 
========================================================================
Received Import Request.
  Time since last request: 0.034888 seconds.
  path: Packages/com.unity.ext.nunit/package.json
  artifactKey: Guid(8143d3a8390f2c64685e3bc272bd9e90) Importer(815301076,1909f56bfc062723c751e8b465ee728b)
Start importing Packages/com.unity.ext.nunit/package.json using Guid(8143d3a8390f2c64685e3bc272bd9e90) Importer(815301076,1909f56bfc062723c751e8b465ee728b)  -> (artifact id: 'b40fc5629c4141466786b845dfe4fc31') in 0.017383 seconds 
========================================================================
Received Import Request.
  Time since last request: 0.044714 seconds.
  path: Packages/com.unity.purchasing/package.json
  artifactKey: Guid(4797030ac1a4416a944aa07d854ffeb4) Importer(815301076,1909f56bfc062723c751e8b465ee728b)
Start importing Packages/com.unity.purchasing/package.json using Guid(4797030ac1a4416a944aa07d854ffeb4) Importer(815301076,1909f56bfc062723c751e8b465ee728b)  -> (artifact id: '9686736bc3d09fe529cfa4f70897d6ad') in 0.006445 seconds 
========================================================================
Received Import Request.
  Time since last request: 0.023754 seconds.
  path: Packages/com.unity.ide.rider/package.json
  artifactKey: Guid(66c95bb3c74257f41bae2622511dc02d) Importer(815301076,1909f56bfc062723c751e8b465ee728b)
Start importing Packages/com.unity.ide.rider/package.json using Guid(66c95bb3c74257f41bae2622511dc02d) Importer(815301076,1909f56bfc062723c751e8b465ee728b)  -> (artifact id: '84743056ad88ae4384470c31d1e72007') in 0.014474 seconds 
========================================================================
Received Import Request.
  Time since last request: 0.020533 seconds.
  path: Packages/com.unity.performance.profile-analyzer/package.json
  artifactKey: Guid(478e38cbe30254f8c868840b4e2f32e1) Importer(815301076,1909f56bfc062723c751e8b465ee728b)
Start importing Packages/com.unity.performance.profile-analyzer/package.json using Guid(478e38cbe30254f8c868840b4e2f32e1) Importer(815301076,1909f56bfc062723c751e8b465ee728b)  -> (artifact id: 'a311d5b8c448599d509848ed5332cd71') in 0.004336 seconds 
========================================================================
Received Import Request.
  Time since last request: 0.028641 seconds.
  path: Packages/com.unity.services.core/package.json
  artifactKey: Guid(182c5bcc97fc21747a9ca5e01da1ed3f) Importer(815301076,1909f56bfc062723c751e8b465ee728b)
Start importing Packages/com.unity.services.core/package.json using Guid(182c5bcc97fc21747a9ca5e01da1ed3f) Importer(815301076,1909f56bfc062723c751e8b465ee728b)  -> (artifact id: '3a931d74bde13268bf18e4820f48e868') in 0.004481 seconds 
========================================================================
Received Import Request.
  Time since last request: 0.001006 seconds.
  path: Packages/com.unity.settings-manager/package.json
  artifactKey: Guid(3001f7491ac66e34a9694543d9f8b1ee) Importer(815301076,1909f56bfc062723c751e8b465ee728b)
Start importing Packages/com.unity.settings-manager/package.json using Guid(3001f7491ac66e34a9694543d9f8b1ee) Importer(815301076,1909f56bfc062723c751e8b465ee728b)  -> (artifact id: 'b16afbc5e1c81e578532a459c23bac45') in 0.010394 seconds 
========================================================================
Received Import Request.
  Time since last request: 0.025929 seconds.
  path: Packages/com.unity.test-framework/package.json
  artifactKey: Guid(d6a2e6e4803de7b43baacdc355fc144d) Importer(815301076,1909f56bfc062723c751e8b465ee728b)
Start importing Packages/com.unity.test-framework/package.json using Guid(d6a2e6e4803de7b43baacdc355fc144d) Importer(815301076,1909f56bfc062723c751e8b465ee728b)  -> (artifact id: 'e18898ccc8b096ee8f2e6704cc6568de') in 0.011566 seconds 
========================================================================
Received Import Request.
  Time since last request: 0.050640 seconds.
  path: Packages/com.unity.timeline/package.json
  artifactKey: Guid(13a9c1b4df2e489e8eb9cacca7429596) Importer(815301076,1909f56bfc062723c751e8b465ee728b)
Start importing Packages/com.unity.timeline/package.json using Guid(13a9c1b4df2e489e8eb9cacca7429596) Importer(815301076,1909f56bfc062723c751e8b465ee728b)  -> (artifact id: 'cb8bfccb78abbe7dce246704718d398b') in 0.014500 seconds 
========================================================================
Received Import Request.
  Time since last request: 0.027555 seconds.
  path: Packages/com.unity.collab-proxy/package.json
  artifactKey: Guid(743fda8c4b219c8429fb5a77ede1c879) Importer(815301076,1909f56bfc062723c751e8b465ee728b)
Start importing Packages/com.unity.collab-proxy/package.json using Guid(743fda8c4b219c8429fb5a77ede1c879) Importer(815301076,1909f56bfc062723c751e8b465ee728b)  -> (artifact id: 'b32c3f2ef48c36b35492078eece4905a') in 0.011339 seconds 
========================================================================
Received Import Request.
  Time since last request: 0.022517 seconds.
  path: Packages/com.unity.visualscripting/package.json
  artifactKey: Guid(545a9d2bc7370224f8d14c22f2f580e0) Importer(815301076,1909f56bfc062723c751e8b465ee728b)
Start importing Packages/com.unity.visualscripting/package.json using Guid(545a9d2bc7370224f8d14c22f2f580e0) Importer(815301076,1909f56bfc062723c751e8b465ee728b)  -> (artifact id: '802ca2141556239ed6a1d27f6470288f') in 0.012894 seconds 
========================================================================
Received Import Request.
  Time since last request: 0.043064 seconds.
  path: Packages/com.unity.ide.visualstudio/package.json
  artifactKey: Guid(656f74f6edaa396458412b9e3903d8cd) Importer(815301076,1909f56bfc062723c751e8b465ee728b)
Start importing Packages/com.unity.ide.visualstudio/package.json using Guid(656f74f6edaa396458412b9e3903d8cd) Importer(815301076,1909f56bfc062723c751e8b465ee728b)  -> (artifact id: 'fb061f6a1e43b8073d290bd220667815') in 0.012886 seconds 
